<?xml version="1.0" encoding="UTF-8"?>
<TestRun id="27b5492e-a43c-423e-8b8f-e7637ca918c4" name="Gabe@GABELAPTOP 2013-05-10 06:33:04" runUser="GabeLaptop\Gabe" xmlns="http://microsoft.com/schemas/VisualStudio/TeamTest/2010">
  <TestSettings name="Local" id="b4204d14-bb82-430b-85df-e075814a44fe">
    <Description>These are default test settings for a local test run.</Description>
    <Deployment enabled="false" runDeploymentRoot="Gabe_GABELAPTOP 2013-05-10 06_33_04">
      <DeploymentItem filename="C:\Projects\thoughtWorks\Final\final_2\marsRover\marsRover\bin\Debug\marsRover.dll" />
    </Deployment>
    <Execution>
      <TestTypeSpecific />
      <AgentRule name="Execution Agents">
      </AgentRule>
    </Execution>
  </TestSettings>
  <Times creation="2013-05-10T06:33:04.8173964-04:00" queuing="2013-05-10T06:33:04.8603988-04:00" start="2013-05-10T06:33:04.8944008-04:00" finish="2013-05-10T06:33:05.2164192-04:00" />
  <ResultSummary outcome="Completed">
    <Counters total="3" executed="3" passed="3" error="0" failed="0" timeout="0" aborted="0" inconclusive="0" passedButRunAborted="0" notRunnable="0" notExecuted="0" disconnected="0" warning="0" completed="0" inProgress="0" pending="0" />
  </ResultSummary>
  <TestDefinitions>
    <UnitTest name="TestMethod2" storage="c:\projects\thoughtworks\final\final_2\marsrover\marsrovertesting\bin\debug\marsrovertesting.dll" id="1265bfe2-95f8-9db6-141c-a5dcbab0587a">
      <Execution id="dd2034a8-68a6-417b-9671-21ef020a6f3a" />
      <TestMethod codeBase="C:/Projects/thoughtWorks/Final/final_2/marsRover/marsRoverTesting/bin/Debug/marsRoverTesting.DLL" adapterTypeName="Microsoft.VisualStudio.TestTools.TestTypes.Unit.UnitTestAdapter, Microsoft.VisualStudio.QualityTools.Tips.UnitTest.Adapter, Version=10.0.0.0, Culture=neutral, PublicKeyToken=b03f5f7f11d50a3a" className="marsRoverTesting.RoverTest, marsRoverTesting, Version=1.0.0.0, Culture=neutral, PublicKeyToken=null" name="TestMethod2" />
    </UnitTest>
    <UnitTest name="TestMethod1" storage="c:\projects\thoughtworks\final\final_2\marsrover\marsrovertesting\bin\debug\marsrovertesting.dll" id="c5e4e0f4-5428-f5cf-677b-e0674ca723c7">
      <Execution id="d7831eb0-5546-4487-8b19-70c3a161b9af" />
      <TestMethod codeBase="C:/Projects/thoughtWorks/Final/final_2/marsRover/marsRoverTesting/bin/Debug/marsRoverTesting.DLL" adapterTypeName="Microsoft.VisualStudio.TestTools.TestTypes.Unit.UnitTestAdapter, Microsoft.VisualStudio.QualityTools.Tips.UnitTest.Adapter, Version=10.0.0.0, Culture=neutral, PublicKeyToken=b03f5f7f11d50a3a" className="marsRoverTesting.RoverTest, marsRoverTesting, Version=1.0.0.0, Culture=neutral, PublicKeyToken=null" name="TestMethod1" />
    </UnitTest>
    <UnitTest name="TestMethod3" storage="c:\projects\thoughtworks\final\final_2\marsrover\marsrovertesting\bin\debug\marsrovertesting.dll" id="f3afbfe8-a921-ef21-f941-019248f0024d">
      <Execution id="4952382a-57c1-4605-8aea-a9c417ab7e5e" />
      <TestMethod codeBase="C:/Projects/thoughtWorks/Final/final_2/marsRover/marsRoverTesting/bin/Debug/marsRoverTesting.DLL" adapterTypeName="Microsoft.VisualStudio.TestTools.TestTypes.Unit.UnitTestAdapter, Microsoft.VisualStudio.QualityTools.Tips.UnitTest.Adapter, Version=10.0.0.0, Culture=neutral, PublicKeyToken=b03f5f7f11d50a3a" className="marsRoverTesting.RoverTest, marsRoverTesting, Version=1.0.0.0, Culture=neutral, PublicKeyToken=null" name="TestMethod3" />
    </UnitTest>
  </TestDefinitions>
  <TestLists>
    <TestList name="Results Not in a List" id="8c84fa94-04c1-424b-9868-57a2d4851a1d" />
    <TestList name="All Loaded Results" id="19431567-8539-422a-85d7-44ee4e166bda" />
  </TestLists>
  <TestEntries>
    <TestEntry testId="1265bfe2-95f8-9db6-141c-a5dcbab0587a" executionId="dd2034a8-68a6-417b-9671-21ef020a6f3a" testListId="8c84fa94-04c1-424b-9868-57a2d4851a1d" />
    <TestEntry testId="c5e4e0f4-5428-f5cf-677b-e0674ca723c7" executionId="d7831eb0-5546-4487-8b19-70c3a161b9af" testListId="8c84fa94-04c1-424b-9868-57a2d4851a1d" />
    <TestEntry testId="f3afbfe8-a921-ef21-f941-019248f0024d" executionId="4952382a-57c1-4605-8aea-a9c417ab7e5e" testListId="8c84fa94-04c1-424b-9868-57a2d4851a1d" />
  </TestEntries>
  <Results>
    <UnitTestResult executionId="dd2034a8-68a6-417b-9671-21ef020a6f3a" testId="1265bfe2-95f8-9db6-141c-a5dcbab0587a" testName="TestMethod2" computerName="GABELAPTOP" duration="00:00:00.0244619" startTime="2013-05-10T06:33:04.9334030-04:00" endTime="2013-05-10T06:33:05.1714166-04:00" testType="13cdc9d9-ddb5-4fa4-a97d-d965ccfc6d4b" outcome="Passed" testListId="8c84fa94-04c1-424b-9868-57a2d4851a1d" relativeResultsDirectory="dd2034a8-68a6-417b-9671-21ef020a6f3a">
    </UnitTestResult>
    <UnitTestResult executionId="d7831eb0-5546-4487-8b19-70c3a161b9af" testId="c5e4e0f4-5428-f5cf-677b-e0674ca723c7" testName="TestMethod1" computerName="GABELAPTOP" duration="00:00:00.0009840" startTime="2013-05-10T06:33:05.1784170-04:00" endTime="2013-05-10T06:33:05.1854174-04:00" testType="13cdc9d9-ddb5-4fa4-a97d-d965ccfc6d4b" outcome="Passed" testListId="8c84fa94-04c1-424b-9868-57a2d4851a1d" relativeResultsDirectory="d7831eb0-5546-4487-8b19-70c3a161b9af">
    </UnitTestResult>
    <UnitTestResult executionId="4952382a-57c1-4605-8aea-a9c417ab7e5e" testId="f3afbfe8-a921-ef21-f941-019248f0024d" testName="TestMethod3" computerName="GABELAPTOP" duration="00:00:00.0006022" startTime="2013-05-10T06:33:05.1884176-04:00" endTime="2013-05-10T06:33:05.1984182-04:00" testType="13cdc9d9-ddb5-4fa4-a97d-d965ccfc6d4b" outcome="Passed" testListId="8c84fa94-04c1-424b-9868-57a2d4851a1d" relativeResultsDirectory="4952382a-57c1-4605-8aea-a9c417ab7e5e">
    </UnitTestResult>
  </Results>
</TestRun>