<?xml version="1.0" encoding="UTF-8"?>
<TestRun id="c84826e6-a26e-4f2a-b8e8-242a70adc25b" name="Gabe@GABELAPTOP 2013-05-10 06:32:54" runUser="GabeLaptop\Gabe" xmlns="http://microsoft.com/schemas/VisualStudio/TeamTest/2010">
  <TestSettings name="Local" id="b4204d14-bb82-430b-85df-e075814a44fe">
    <Description>These are default test settings for a local test run.</Description>
    <Deployment enabled="false" runDeploymentRoot="Gabe_GABELAPTOP 2013-05-10 06_32_54">
      <DeploymentItem filename="C:\Projects\thoughtWorks\Final\final_2\marsRover\marsRover\bin\Debug\marsRover.dll" />
    </Deployment>
    <Execution>
      <TestTypeSpecific />
      <AgentRule name="Execution Agents">
      </AgentRule>
    </Execution>
  </TestSettings>
  <Times creation="2013-05-10T06:32:54.2967946-04:00" queuing="2013-05-10T06:32:54.3177958-04:00" start="2013-05-10T06:32:54.3447974-04:00" finish="2013-05-10T06:32:54.7148185-04:00" />
  <ResultSummary outcome="Completed">
    <Counters total="1" executed="1" passed="1" error="0" failed="0" timeout="0" aborted="0" inconclusive="0" passedButRunAborted="0" notRunnable="0" notExecuted="0" disconnected="0" warning="0" completed="0" inProgress="0" pending="0" />
  </ResultSummary>
  <TestDefinitions>
    <UnitTest name="TestMethod1" storage="c:\projects\thoughtworks\final\final_2\marsrover\marsrovertesting\bin\debug\marsrovertesting.dll" id="c5e4e0f4-5428-f5cf-677b-e0674ca723c7">
      <Execution id="32359cf8-da8c-431f-bfa1-22590171a785" />
      <TestMethod codeBase="C:/Projects/thoughtWorks/Final/final_2/marsRover/marsRoverTesting/bin/Debug/marsRoverTesting.DLL" adapterTypeName="Microsoft.VisualStudio.TestTools.TestTypes.Unit.UnitTestAdapter, Microsoft.VisualStudio.QualityTools.Tips.UnitTest.Adapter, Version=10.0.0.0, Culture=neutral, PublicKeyToken=b03f5f7f11d50a3a" className="marsRoverTesting.RoverTest, marsRoverTesting, Version=1.0.0.0, Culture=neutral, PublicKeyToken=null" name="TestMethod1" />
    </UnitTest>
  </TestDefinitions>
  <TestLists>
    <TestList name="Results Not in a List" id="8c84fa94-04c1-424b-9868-57a2d4851a1d" />
    <TestList name="All Loaded Results" id="19431567-8539-422a-85d7-44ee4e166bda" />
  </TestLists>
  <TestEntries>
    <TestEntry testId="c5e4e0f4-5428-f5cf-677b-e0674ca723c7" executionId="32359cf8-da8c-431f-bfa1-22590171a785" testListId="8c84fa94-04c1-424b-9868-57a2d4851a1d" />
  </TestEntries>
  <Results>
    <UnitTestResult executionId="32359cf8-da8c-431f-bfa1-22590171a785" testId="c5e4e0f4-5428-f5cf-677b-e0674ca723c7" testName="TestMethod1" computerName="GABELAPTOP" duration="00:00:00.0230123" startTime="2013-05-10T06:32:54.4158014-04:00" endTime="2013-05-10T06:32:54.6698160-04:00" testType="13cdc9d9-ddb5-4fa4-a97d-d965ccfc6d4b" outcome="Passed" testListId="8c84fa94-04c1-424b-9868-57a2d4851a1d" relativeResultsDirectory="32359cf8-da8c-431f-bfa1-22590171a785">
    </UnitTestResult>
  </Results>
</TestRun>